<?xml version="1.0" encoding="UTF-8"?>
<testsuite xmlns:xsi="http://www.w3.org/2001/XMLSchema-instance" xsi:noNamespaceSchemaLocation="https://maven.apache.org/surefire/maven-surefire-plugin/xsd/surefire-test-report-3.0.xsd" version="3.0" name="TestSuite" time="51.082" tests="1" errors="0" skipped="0" failures="0">
  <properties>
[...]
</properties>
  <testcase name="exampleTest1" classname="com.trendyol.test.TrendyolAutomationTest" time="42.742">
    <system-out><![CDATA[2022-01-12 16:03:45 main INFO  log:12 - Browser name : grid-chrome
***** Selenium Grid Chrome *****
2022-01-12 16:03:52 main INFO  log:12 - Setup started
2022-01-12 16:03:56 main INFO  log:12 - Web application launched
2022-01-12 16:03:56 main INFO  log:12 - openUrl transaction passed
2022-01-12 16:03:56 main INFO  log:12 - Checking exist element by -->> By.cssSelector: [class='homepage-popup']
2022-01-12 16:03:56 main INFO  log:12 - Statu : true
2022-01-12 16:03:57 main INFO  log:12 - clicked by -->> By.cssSelector: [class='modal-close']
2022-01-12 16:03:57 main INFO  log:12 - Popup is closed
2022-01-12 16:04:02 main INFO  log:12 - SendKeys text : test.username.231@gmail.com ,by -->> By.id: login-email
2022-01-12 16:04:03 main INFO  log:12 - SendKeys text : Password35* ,by -->> By.id: login-password-input
2022-01-12 16:04:34 main ERROR log:24 - Error while finding elements  e : Expected condition failed: waiting for visibility of all elements located by By.className: notification-popup-container (tried for 30 second(s) with 500 milliseconds interval)
Build info: version: '3.141.59', revision: 'e82be7d358', time: '2018-11-14T08:17:03'
System info: host: 'DESKTOP-S5OC1F8', ip: '10.169.8.222', os.name: 'Windows 10', os.arch: 'amd64', os.version: '10.0', java.version: '1.8.0_281'
Driver info: org.openqa.selenium.remote.RemoteWebDriver
Capabilities {acceptInsecureCerts: false, browserName: chrome, browserVersion: 96.0.4664.110, chrome: {chromedriverVersion: 96.0.4664.45 (76e4c1bb2ab46..., userDataDir: /tmp/.com.google.Chrome.Fs9wBo}, goog:chromeOptions: {debuggerAddress: localhost:41643}, javascriptEnabled: true, networkConnectionEnabled: false, pageLoadStrategy: normal, platform: LINUX, platformName: LINUX, proxy: Proxy(), se:cdp: ws://172.17.0.2:4444/sessio..., se:cdpVersion: 96.0.4664.110, se:vnc: ws://172.17.0.2:4444/sessio..., se:vncEnabled: true, se:vncLocalAddress: ws://172.17.0.2:7900, setWindowRect: true, strictFileInteractability: false, timeouts: {implicit: 0, pageLoad: 300000, script: 30000}, unhandledPromptBehavior: dismiss and notify, webauthn:extension:credBlob: true, webauthn:extension:largeBlob: true, webauthn:virtualAuthenticators: true}
Session ID: bc168de8cdb238f66ba00e988926a012
2022-01-12 16:04:34 main ERROR log:24 - Error while checking element : java.lang.RuntimeException: org.openqa.selenium.TimeoutException: Expected condition failed: waiting for visibility of all elements located by By.className: notification-popup-container (tried for 30 second(s) with 500 milliseconds interval)
Build info: version: '3.141.59', revision: 'e82be7d358', time: '2018-11-14T08:17:03'
System info: host: 'DESKTOP-S5OC1F8', ip: '10.169.8.222', os.name: 'Windows 10', os.arch: 'amd64', os.version: '10.0', java.version: '1.8.0_281'
Driver info: org.openqa.selenium.remote.RemoteWebDriver
Capabilities {acceptInsecureCerts: false, browserName: chrome, browserVersion: 96.0.4664.110, chrome: {chromedriverVersion: 96.0.4664.45 (76e4c1bb2ab46..., userDataDir: /tmp/.com.google.Chrome.Fs9wBo}, goog:chromeOptions: {debuggerAddress: localhost:41643}, javascriptEnabled: true, networkConnectionEnabled: false, pageLoadStrategy: normal, platform: LINUX, platformName: LINUX, proxy: Proxy(), se:cdp: ws://172.17.0.2:4444/sessio..., se:cdpVersion: 96.0.4664.110, se:vnc: ws://172.17.0.2:4444/sessio..., se:vncEnabled: true, se:vncLocalAddress: ws://172.17.0.2:7900, setWindowRect: true, strictFileInteractability: false, timeouts: {implicit: 0, pageLoad: 300000, script: 30000}, unhandledPromptBehavior: dismiss and notify, webauthn:extension:credBlob: true, webauthn:extension:largeBlob: true, webauthn:virtualAuthenticators: true}
Session ID: bc168de8cdb238f66ba00e988926a012
2022-01-12 16:04:34 main INFO  log:12 - User is logined
]]></system-out>
    <system-err><![CDATA[Jan 12, 2022 4:03:52 PM org.openqa.selenium.remote.ProtocolHandshake createSession
INFO: Detected dialect: W3C
]]></system-err>
  </testcase>
</testsuite>